<?xml version="1.0" encoding="UTF-8"?>
<!-- Generated by org.testng.reporters.JUnitReportReporter -->
<testsuite hostname="5667-Extreme" failures="0" tests="1" name="testCases.SampleTest" time="4.851" errors="0" timestamp="2023-04-14T15:19:44 EDT" skipped="0">
  <testcase classname="testCases.SampleTest" name="login" time="4.851"/>
  <system-out/>
</testsuite> <!-- testCases.SampleTest -->
