<?xml version="1.0" encoding="UTF-8"?>
<!-- Generated by org.testng.reporters.JUnitReportReporter -->
<testsuite hostname="5667-Extreme" failures="0" tests="1" name="testCases.SAMPLE_TEST" time="4.346" errors="0" timestamp="2023-04-14T09:46:33 EDT" skipped="0">
  <testcase classname="testCases.SAMPLE_TEST" name="login" time="4.346"/>
  <system-out/>
</testsuite> <!-- testCases.SAMPLE_TEST -->
